CRITICAL - 2023-08-10 14:56:47 --> include_once(templeate/header.php): Failed to open stream: No such file or directory
in APPPATH\Views\welcome_message.php on line 2.
 1 APPPATH\Views\welcome_message.php(2): CodeIgniter\Debug\Exceptions->errorHandler(2, 'include_once(templeate/header.php): Failed to open stream: No such file or directory', 'C:\\xampp\\htdocs\\PhotoFolio\\app\\Views\\welcome_message.php', 2)
 2 APPPATH\Views\welcome_message.php(2): include_once()
 3 SYSTEMPATH\View\View.php(224): include('C:\\xampp\\htdocs\\PhotoFolio\\app\\Views\\welcome_message.php')
 4 SYSTEMPATH\View\View.php(227): CodeIgniter\View\View->CodeIgniter\View\{closure}()
 5 SYSTEMPATH\Common.php(1176): CodeIgniter\View\View->render('welcome_message', [], true)
 6 APPPATH\Controllers\Home.php(9): view('welcome_message')
 7 SYSTEMPATH\CodeIgniter.php(932): App\Controllers\Home->index()
 8 SYSTEMPATH\CodeIgniter.php(497): CodeIgniter\CodeIgniter->runController(Object(App\Controllers\Home))
 9 SYSTEMPATH\CodeIgniter.php(366): CodeIgniter\CodeIgniter->handleRequest(null, Object(Config\Cache), false)
10 FCPATH\index.php(67): CodeIgniter\CodeIgniter->run()
CRITICAL - 2023-08-10 15:39:59 --> Undefined property: App\Controllers\Home::$load
in APPPATH\Controllers\Home.php on line 10.
 1 APPPATH\Controllers\Home.php(10): CodeIgniter\Debug\Exceptions->errorHandler(2, 'Undefined property: App\\Controllers\\Home::$load', 'C:\\xampp\\htdocs\\PhotoFolio\\app\\Controllers\\Home.php', 10)
 2 SYSTEMPATH\CodeIgniter.php(932): App\Controllers\Home->index()
 3 SYSTEMPATH\CodeIgniter.php(497): CodeIgniter\CodeIgniter->runController(Object(App\Controllers\Home))
 4 SYSTEMPATH\CodeIgniter.php(366): CodeIgniter\CodeIgniter->handleRequest(null, Object(Config\Cache), false)
 5 FCPATH\index.php(67): CodeIgniter\CodeIgniter->run()
CRITICAL - 2023-08-10 15:43:54 --> include_once(templeate/header.php): Failed to open stream: No such file or directory
in APPPATH\Views\welcome_message.php on line 2.
 1 APPPATH\Views\welcome_message.php(2): CodeIgniter\Debug\Exceptions->errorHandler(2, 'include_once(templeate/header.php): Failed to open stream: No such file or directory', 'C:\\xampp\\htdocs\\PhotoFolio\\app\\Views\\welcome_message.php', 2)
 2 APPPATH\Views\welcome_message.php(2): include_once()
 3 SYSTEMPATH\View\View.php(224): include('C:\\xampp\\htdocs\\PhotoFolio\\app\\Views\\welcome_message.php')
 4 SYSTEMPATH\View\View.php(227): CodeIgniter\View\View->CodeIgniter\View\{closure}()
 5 SYSTEMPATH\Common.php(1176): CodeIgniter\View\View->render('welcome_message', [], true)
 6 APPPATH\Controllers\Home.php(11): view('welcome_message')
 7 SYSTEMPATH\CodeIgniter.php(932): App\Controllers\Home->index()
 8 SYSTEMPATH\CodeIgniter.php(497): CodeIgniter\CodeIgniter->runController(Object(App\Controllers\Home))
 9 SYSTEMPATH\CodeIgniter.php(366): CodeIgniter\CodeIgniter->handleRequest(null, Object(Config\Cache), false)
10 FCPATH\index.php(67): CodeIgniter\CodeIgniter->run()
CRITICAL - 2023-08-10 18:40:38 --> include_once(/template/header.php): Failed to open stream: No such file or directory
in APPPATH\Views\casa_naranja.php on line 2.
 1 APPPATH\Views\casa_naranja.php(2): CodeIgniter\Debug\Exceptions->errorHandler(2, 'include_once(/template/header.php): Failed to open stream: No such file or directory', 'C:\\xampp\\htdocs\\PhotoFolio\\app\\Views\\casa_naranja.php', 2)
 2 APPPATH\Views\casa_naranja.php(2): include_once()
 3 SYSTEMPATH\View\View.php(224): include('C:\\xampp\\htdocs\\PhotoFolio\\app\\Views\\casa_naranja.php')
 4 SYSTEMPATH\View\View.php(227): CodeIgniter\View\View->CodeIgniter\View\{closure}()
 5 SYSTEMPATH\Common.php(1176): CodeIgniter\View\View->render('casa_naranja', [], true)
 6 APPPATH\Controllers\Home.php(24): view('casa_naranja')
 7 SYSTEMPATH\CodeIgniter.php(932): App\Controllers\Home->casanaranja()
 8 SYSTEMPATH\CodeIgniter.php(497): CodeIgniter\CodeIgniter->runController(Object(App\Controllers\Home))
 9 SYSTEMPATH\CodeIgniter.php(366): CodeIgniter\CodeIgniter->handleRequest(null, Object(Config\Cache), false)
10 FCPATH\index.php(67): CodeIgniter\CodeIgniter->run()
CRITICAL - 2023-08-10 18:41:09 --> include_once(template/header): Failed to open stream: No such file or directory
in APPPATH\Views\casa_naranja.php on line 2.
 1 APPPATH\Views\casa_naranja.php(2): CodeIgniter\Debug\Exceptions->errorHandler(2, 'include_once(template/header): Failed to open stream: No such file or directory', 'C:\\xampp\\htdocs\\PhotoFolio\\app\\Views\\casa_naranja.php', 2)
 2 APPPATH\Views\casa_naranja.php(2): include_once()
 3 SYSTEMPATH\View\View.php(224): include('C:\\xampp\\htdocs\\PhotoFolio\\app\\Views\\casa_naranja.php')
 4 SYSTEMPATH\View\View.php(227): CodeIgniter\View\View->CodeIgniter\View\{closure}()
 5 SYSTEMPATH\Common.php(1176): CodeIgniter\View\View->render('casa_naranja', [], true)
 6 APPPATH\Controllers\Home.php(24): view('casa_naranja')
 7 SYSTEMPATH\CodeIgniter.php(932): App\Controllers\Home->casanaranja()
 8 SYSTEMPATH\CodeIgniter.php(497): CodeIgniter\CodeIgniter->runController(Object(App\Controllers\Home))
 9 SYSTEMPATH\CodeIgniter.php(366): CodeIgniter\CodeIgniter->handleRequest(null, Object(Config\Cache), false)
10 FCPATH\index.php(67): CodeIgniter\CodeIgniter->run()
