CRITICAL - 2023-08-27 03:22:03 --> Undefined variable $mega_header
in APPPATH\Views\welcome_message.php on line 29.
 1 APPPATH\Views\welcome_message.php(29): CodeIgniter\Debug\Exceptions->errorHandler(2, 'Undefined variable $mega_header', 'C:\\xampp\\htdocs\\casas\\app\\Views\\welcome_message.php', 29)
 2 SYSTEMPATH\View\View.php(224): include('C:\\xampp\\htdocs\\casas\\app\\Views\\welcome_message.php')
 3 SYSTEMPATH\View\View.php(227): CodeIgniter\View\View->CodeIgniter\View\{closure}()
 4 SYSTEMPATH\Common.php(1176): CodeIgniter\View\View->render('welcome_message', [], true)
 5 APPPATH\Controllers\Home.php(26): view('welcome_message', [...])
 6 SYSTEMPATH\CodeIgniter.php(932): App\Controllers\Home->index()
 7 SYSTEMPATH\CodeIgniter.php(497): CodeIgniter\CodeIgniter->runController(Object(App\Controllers\Home))
 8 SYSTEMPATH\CodeIgniter.php(366): CodeIgniter\CodeIgniter->handleRequest(null, Object(Config\Cache), false)
 9 FCPATH\index.php(67): CodeIgniter\CodeIgniter->run()
CRITICAL - 2023-08-27 03:22:14 --> Undefined variable $data
in APPPATH\Views\welcome_message.php on line 29.
 1 APPPATH\Views\welcome_message.php(29): CodeIgniter\Debug\Exceptions->errorHandler(2, 'Undefined variable $data', 'C:\\xampp\\htdocs\\casas\\app\\Views\\welcome_message.php', 29)
 2 SYSTEMPATH\View\View.php(224): include('C:\\xampp\\htdocs\\casas\\app\\Views\\welcome_message.php')
 3 SYSTEMPATH\View\View.php(227): CodeIgniter\View\View->CodeIgniter\View\{closure}()
 4 SYSTEMPATH\Common.php(1176): CodeIgniter\View\View->render('welcome_message', [], true)
 5 APPPATH\Controllers\Home.php(26): view('welcome_message', [...])
 6 SYSTEMPATH\CodeIgniter.php(932): App\Controllers\Home->index()
 7 SYSTEMPATH\CodeIgniter.php(497): CodeIgniter\CodeIgniter->runController(Object(App\Controllers\Home))
 8 SYSTEMPATH\CodeIgniter.php(366): CodeIgniter\CodeIgniter->handleRequest(null, Object(Config\Cache), false)
 9 FCPATH\index.php(67): CodeIgniter\CodeIgniter->run()
CRITICAL - 2023-08-27 03:22:48 --> Undefined variable $data
in APPPATH\Views\welcome_message.php on line 29.
 1 APPPATH\Views\welcome_message.php(29): CodeIgniter\Debug\Exceptions->errorHandler(2, 'Undefined variable $data', 'C:\\xampp\\htdocs\\casas\\app\\Views\\welcome_message.php', 29)
 2 SYSTEMPATH\View\View.php(224): include('C:\\xampp\\htdocs\\casas\\app\\Views\\welcome_message.php')
 3 SYSTEMPATH\View\View.php(227): CodeIgniter\View\View->CodeIgniter\View\{closure}()
 4 SYSTEMPATH\Common.php(1176): CodeIgniter\View\View->render('welcome_message', [], true)
 5 APPPATH\Controllers\Home.php(26): view('welcome_message', [...])
 6 SYSTEMPATH\CodeIgniter.php(932): App\Controllers\Home->index()
 7 SYSTEMPATH\CodeIgniter.php(497): CodeIgniter\CodeIgniter->runController(Object(App\Controllers\Home))
 8 SYSTEMPATH\CodeIgniter.php(366): CodeIgniter\CodeIgniter->handleRequest(null, Object(Config\Cache), false)
 9 FCPATH\index.php(67): CodeIgniter\CodeIgniter->run()
CRITICAL - 2023-08-27 03:23:18 --> Undefined variable $data
in APPPATH\Views\welcome_message.php on line 29.
 1 APPPATH\Views\welcome_message.php(29): CodeIgniter\Debug\Exceptions->errorHandler(2, 'Undefined variable $data', 'C:\\xampp\\htdocs\\casas\\app\\Views\\welcome_message.php', 29)
 2 SYSTEMPATH\View\View.php(224): include('C:\\xampp\\htdocs\\casas\\app\\Views\\welcome_message.php')
 3 SYSTEMPATH\View\View.php(227): CodeIgniter\View\View->CodeIgniter\View\{closure}()
 4 SYSTEMPATH\Common.php(1176): CodeIgniter\View\View->render('welcome_message', [], true)
 5 APPPATH\Controllers\Home.php(26): view('welcome_message', [...])
 6 SYSTEMPATH\CodeIgniter.php(932): App\Controllers\Home->index()
 7 SYSTEMPATH\CodeIgniter.php(497): CodeIgniter\CodeIgniter->runController(Object(App\Controllers\Home))
 8 SYSTEMPATH\CodeIgniter.php(366): CodeIgniter\CodeIgniter->handleRequest(null, Object(Config\Cache), false)
 9 FCPATH\index.php(67): CodeIgniter\CodeIgniter->run()
CRITICAL - 2023-08-27 03:23:20 --> Undefined variable $data
in APPPATH\Views\welcome_message.php on line 29.
 1 APPPATH\Views\welcome_message.php(29): CodeIgniter\Debug\Exceptions->errorHandler(2, 'Undefined variable $data', 'C:\\xampp\\htdocs\\casas\\app\\Views\\welcome_message.php', 29)
 2 SYSTEMPATH\View\View.php(224): include('C:\\xampp\\htdocs\\casas\\app\\Views\\welcome_message.php')
 3 SYSTEMPATH\View\View.php(227): CodeIgniter\View\View->CodeIgniter\View\{closure}()
 4 SYSTEMPATH\Common.php(1176): CodeIgniter\View\View->render('welcome_message', [], true)
 5 APPPATH\Controllers\Home.php(26): view('welcome_message', [...])
 6 SYSTEMPATH\CodeIgniter.php(932): App\Controllers\Home->index()
 7 SYSTEMPATH\CodeIgniter.php(497): CodeIgniter\CodeIgniter->runController(Object(App\Controllers\Home))
 8 SYSTEMPATH\CodeIgniter.php(366): CodeIgniter\CodeIgniter->handleRequest(null, Object(Config\Cache), false)
 9 FCPATH\index.php(67): CodeIgniter\CodeIgniter->run()
CRITICAL - 2023-08-27 03:23:54 --> Undefined variable $data
in APPPATH\Views\welcome_message.php on line 30.
 1 APPPATH\Views\welcome_message.php(30): CodeIgniter\Debug\Exceptions->errorHandler(2, 'Undefined variable $data', 'C:\\xampp\\htdocs\\casas\\app\\Views\\welcome_message.php', 30)
 2 SYSTEMPATH\View\View.php(224): include('C:\\xampp\\htdocs\\casas\\app\\Views\\welcome_message.php')
 3 SYSTEMPATH\View\View.php(227): CodeIgniter\View\View->CodeIgniter\View\{closure}()
 4 SYSTEMPATH\Common.php(1176): CodeIgniter\View\View->render('welcome_message', [], true)
 5 APPPATH\Controllers\Home.php(26): view('welcome_message', [...])
 6 SYSTEMPATH\CodeIgniter.php(932): App\Controllers\Home->index()
 7 SYSTEMPATH\CodeIgniter.php(497): CodeIgniter\CodeIgniter->runController(Object(App\Controllers\Home))
 8 SYSTEMPATH\CodeIgniter.php(366): CodeIgniter\CodeIgniter->handleRequest(null, Object(Config\Cache), false)
 9 FCPATH\index.php(67): CodeIgniter\CodeIgniter->run()
CRITICAL - 2023-08-27 03:23:58 --> Undefined variable $data
in APPPATH\Views\welcome_message.php on line 30.
 1 APPPATH\Views\welcome_message.php(30): CodeIgniter\Debug\Exceptions->errorHandler(2, 'Undefined variable $data', 'C:\\xampp\\htdocs\\casas\\app\\Views\\welcome_message.php', 30)
 2 SYSTEMPATH\View\View.php(224): include('C:\\xampp\\htdocs\\casas\\app\\Views\\welcome_message.php')
 3 SYSTEMPATH\View\View.php(227): CodeIgniter\View\View->CodeIgniter\View\{closure}()
 4 SYSTEMPATH\Common.php(1176): CodeIgniter\View\View->render('welcome_message', [], true)
 5 APPPATH\Controllers\Home.php(26): view('welcome_message', [...])
 6 SYSTEMPATH\CodeIgniter.php(932): App\Controllers\Home->index()
 7 SYSTEMPATH\CodeIgniter.php(497): CodeIgniter\CodeIgniter->runController(Object(App\Controllers\Home))
 8 SYSTEMPATH\CodeIgniter.php(366): CodeIgniter\CodeIgniter->handleRequest(null, Object(Config\Cache), false)
 9 FCPATH\index.php(67): CodeIgniter\CodeIgniter->run()
CRITICAL - 2023-08-27 03:26:55 --> Undefined variable $data
in APPPATH\Views\welcome_message.php on line 30.
 1 APPPATH\Views\welcome_message.php(30): CodeIgniter\Debug\Exceptions->errorHandler(2, 'Undefined variable $data', 'C:\\xampp\\htdocs\\casas\\app\\Views\\welcome_message.php', 30)
 2 SYSTEMPATH\View\View.php(224): include('C:\\xampp\\htdocs\\casas\\app\\Views\\welcome_message.php')
 3 SYSTEMPATH\View\View.php(227): CodeIgniter\View\View->CodeIgniter\View\{closure}()
 4 SYSTEMPATH\Common.php(1176): CodeIgniter\View\View->render('welcome_message', [], true)
 5 APPPATH\Controllers\Home.php(26): view('welcome_message', [...])
 6 SYSTEMPATH\CodeIgniter.php(932): App\Controllers\Home->index()
 7 SYSTEMPATH\CodeIgniter.php(497): CodeIgniter\CodeIgniter->runController(Object(App\Controllers\Home))
 8 SYSTEMPATH\CodeIgniter.php(366): CodeIgniter\CodeIgniter->handleRequest(null, Object(Config\Cache), false)
 9 FCPATH\index.php(67): CodeIgniter\CodeIgniter->run()
CRITICAL - 2023-08-27 03:27:52 --> Undefined variable $data
in APPPATH\Views\welcome_message.php on line 30.
 1 APPPATH\Views\welcome_message.php(30): CodeIgniter\Debug\Exceptions->errorHandler(2, 'Undefined variable $data', 'C:\\xampp\\htdocs\\casas\\app\\Views\\welcome_message.php', 30)
 2 SYSTEMPATH\View\View.php(224): include('C:\\xampp\\htdocs\\casas\\app\\Views\\welcome_message.php')
 3 SYSTEMPATH\View\View.php(227): CodeIgniter\View\View->CodeIgniter\View\{closure}()
 4 SYSTEMPATH\Common.php(1176): CodeIgniter\View\View->render('welcome_message', [], true)
 5 APPPATH\Controllers\Home.php(26): view('welcome_message', [...])
 6 SYSTEMPATH\CodeIgniter.php(932): App\Controllers\Home->index()
 7 SYSTEMPATH\CodeIgniter.php(497): CodeIgniter\CodeIgniter->runController(Object(App\Controllers\Home))
 8 SYSTEMPATH\CodeIgniter.php(366): CodeIgniter\CodeIgniter->handleRequest(null, Object(Config\Cache), false)
 9 FCPATH\index.php(67): CodeIgniter\CodeIgniter->run()
CRITICAL - 2023-08-27 03:29:03 --> Attempt to read property "tituloCasa" on array
in APPPATH\Views\welcome_message.php on line 33.
 1 APPPATH\Views\welcome_message.php(33): CodeIgniter\Debug\Exceptions->errorHandler(2, 'Attempt to read property "tituloCasa" on array', 'C:\\xampp\\htdocs\\casas\\app\\Views\\welcome_message.php', 33)
 2 SYSTEMPATH\View\View.php(224): include('C:\\xampp\\htdocs\\casas\\app\\Views\\welcome_message.php')
 3 SYSTEMPATH\View\View.php(227): CodeIgniter\View\View->CodeIgniter\View\{closure}()
 4 SYSTEMPATH\Common.php(1176): CodeIgniter\View\View->render('welcome_message', [], true)
 5 APPPATH\Controllers\Home.php(26): view('welcome_message', [...])
 6 SYSTEMPATH\CodeIgniter.php(932): App\Controllers\Home->index()
 7 SYSTEMPATH\CodeIgniter.php(497): CodeIgniter\CodeIgniter->runController(Object(App\Controllers\Home))
 8 SYSTEMPATH\CodeIgniter.php(366): CodeIgniter\CodeIgniter->handleRequest(null, Object(Config\Cache), false)
 9 FCPATH\index.php(67): CodeIgniter\CodeIgniter->run()
CRITICAL - 2023-08-27 03:37:27 --> Invalid file: "casa_verde.php"
in SYSTEMPATH\Exceptions\FrameworkException.php on line 33.
 1 SYSTEMPATH\View\View.php(212): CodeIgniter\Exceptions\FrameworkException::forInvalidFile('casa_verde.php')
 2 SYSTEMPATH\Common.php(1176): CodeIgniter\View\View->render('casa_verde', [], true)
 3 APPPATH\Controllers\Home.php(37): view('casa_verde', [...])
 4 SYSTEMPATH\CodeIgniter.php(932): App\Controllers\Home->casa('0')
 5 SYSTEMPATH\CodeIgniter.php(497): CodeIgniter\CodeIgniter->runController(Object(App\Controllers\Home))
 6 SYSTEMPATH\CodeIgniter.php(366): CodeIgniter\CodeIgniter->handleRequest(null, Object(Config\Cache), false)
 7 FCPATH\index.php(67): CodeIgniter\CodeIgniter->run()
CRITICAL - 2023-08-27 03:38:26 --> Invalid file: "casa_verde.php"
in SYSTEMPATH\Exceptions\FrameworkException.php on line 33.
 1 SYSTEMPATH\View\View.php(212): CodeIgniter\Exceptions\FrameworkException::forInvalidFile('casa_verde.php')
 2 SYSTEMPATH\Common.php(1176): CodeIgniter\View\View->render('casa_verde', [], true)
 3 APPPATH\Controllers\Home.php(37): view('casa_verde', [...])
 4 SYSTEMPATH\CodeIgniter.php(932): App\Controllers\Home->casa('2')
 5 SYSTEMPATH\CodeIgniter.php(497): CodeIgniter\CodeIgniter->runController(Object(App\Controllers\Home))
 6 SYSTEMPATH\CodeIgniter.php(366): CodeIgniter\CodeIgniter->handleRequest(null, Object(Config\Cache), false)
 7 FCPATH\index.php(67): CodeIgniter\CodeIgniter->run()
CRITICAL - 2023-08-27 03:39:23 --> opendir(C:/xampp/htdocs/casas/vendor/assets/img/gallery/casa_verde): El sistema no puede encontrar el archivo especifica (code: 2)
in APPPATH\Views\casa_verde.php on line 59.
 1 [internal function]: CodeIgniter\Debug\Exceptions->errorHandler(2, 'opendir(C:/xampp/htdocs/casas/vendor/assets/img/gallery/casa_verde): El sistema no puede encontrar el archivo especifica (code: 2)', 'C:\\xampp\\htdocs\\casas\\app\\Views\\casa_verde.php', 59)
 2 APPPATH\Views\casa_verde.php(59): opendir('C:/xampp/htdocs/casas/vendor/assets/img/gallery/casa_verde')
 3 SYSTEMPATH\View\View.php(224): include('C:\\xampp\\htdocs\\casas\\app\\Views\\casa_verde.php')
 4 SYSTEMPATH\View\View.php(227): CodeIgniter\View\View->CodeIgniter\View\{closure}()
 5 SYSTEMPATH\Common.php(1176): CodeIgniter\View\View->render('casa_verde', [], true)
 6 APPPATH\Controllers\Home.php(37): view('casa_verde', [...])
 7 SYSTEMPATH\CodeIgniter.php(932): App\Controllers\Home->casa('2')
 8 SYSTEMPATH\CodeIgniter.php(497): CodeIgniter\CodeIgniter->runController(Object(App\Controllers\Home))
 9 SYSTEMPATH\CodeIgniter.php(366): CodeIgniter\CodeIgniter->handleRequest(null, Object(Config\Cache), false)
10 FCPATH\index.php(67): CodeIgniter\CodeIgniter->run()
CRITICAL - 2023-08-27 04:28:24 --> Invalid file: "galeriacasa_naranja.php"
in SYSTEMPATH\Exceptions\FrameworkException.php on line 33.
 1 SYSTEMPATH\View\View.php(212): CodeIgniter\Exceptions\FrameworkException::forInvalidFile('galeriacasa_naranja.php')
 2 SYSTEMPATH\Common.php(1176): CodeIgniter\View\View->render('galeriacasa_naranja', [], true)
 3 APPPATH\Controllers\Home.php(59): view('galeriacasa_naranja', [...])
 4 SYSTEMPATH\CodeIgniter.php(932): App\Controllers\Home->galeria('1')
 5 SYSTEMPATH\CodeIgniter.php(497): CodeIgniter\CodeIgniter->runController(Object(App\Controllers\Home))
 6 SYSTEMPATH\CodeIgniter.php(366): CodeIgniter\CodeIgniter->handleRequest(null, Object(Config\Cache), false)
 7 FCPATH\index.php(67): CodeIgniter\CodeIgniter->run()
CRITICAL - 2023-08-27 04:28:34 --> Invalid file: "galeriacasa_naranja.php"
in SYSTEMPATH\Exceptions\FrameworkException.php on line 33.
 1 SYSTEMPATH\View\View.php(212): CodeIgniter\Exceptions\FrameworkException::forInvalidFile('galeriacasa_naranja.php')
 2 SYSTEMPATH\Common.php(1176): CodeIgniter\View\View->render('galeriacasa_naranja', [], true)
 3 APPPATH\Controllers\Home.php(59): view('galeriacasa_naranja', [...])
 4 SYSTEMPATH\CodeIgniter.php(932): App\Controllers\Home->galeria('1')
 5 SYSTEMPATH\CodeIgniter.php(497): CodeIgniter\CodeIgniter->runController(Object(App\Controllers\Home))
 6 SYSTEMPATH\CodeIgniter.php(366): CodeIgniter\CodeIgniter->handleRequest(null, Object(Config\Cache), false)
 7 FCPATH\index.php(67): CodeIgniter\CodeIgniter->run()
CRITICAL - 2023-08-27 04:43:04 --> Array to string conversion
in APPPATH\Views\gallery_casa_verde.php on line 14.
 1 APPPATH\Views\gallery_casa_verde.php(14): CodeIgniter\Debug\Exceptions->errorHandler(2, 'Array to string conversion', 'C:\\xampp\\htdocs\\casas\\app\\Views\\gallery_casa_verde.php', 14)
 2 SYSTEMPATH\View\View.php(224): include('C:\\xampp\\htdocs\\casas\\app\\Views\\gallery_casa_verde.php')
 3 SYSTEMPATH\View\View.php(227): CodeIgniter\View\View->CodeIgniter\View\{closure}()
 4 SYSTEMPATH\Common.php(1176): CodeIgniter\View\View->render('gallery_casa_verde', [], true)
 5 APPPATH\Controllers\Home.php(59): view('gallery_casa_verde', [...])
 6 SYSTEMPATH\CodeIgniter.php(932): App\Controllers\Home->galeria('2')
 7 SYSTEMPATH\CodeIgniter.php(497): CodeIgniter\CodeIgniter->runController(Object(App\Controllers\Home))
 8 SYSTEMPATH\CodeIgniter.php(366): CodeIgniter\CodeIgniter->handleRequest(null, Object(Config\Cache), false)
 9 FCPATH\index.php(67): CodeIgniter\CodeIgniter->run()
CRITICAL - 2023-08-27 04:43:25 --> Array to string conversion
in APPPATH\Views\gallery_casa_verde.php on line 14.
 1 APPPATH\Views\gallery_casa_verde.php(14): CodeIgniter\Debug\Exceptions->errorHandler(2, 'Array to string conversion', 'C:\\xampp\\htdocs\\casas\\app\\Views\\gallery_casa_verde.php', 14)
 2 SYSTEMPATH\View\View.php(224): include('C:\\xampp\\htdocs\\casas\\app\\Views\\gallery_casa_verde.php')
 3 SYSTEMPATH\View\View.php(227): CodeIgniter\View\View->CodeIgniter\View\{closure}()
 4 SYSTEMPATH\Common.php(1176): CodeIgniter\View\View->render('gallery_casa_verde', [], true)
 5 APPPATH\Controllers\Home.php(59): view('gallery_casa_verde', [...])
 6 SYSTEMPATH\CodeIgniter.php(932): App\Controllers\Home->galeria('2')
 7 SYSTEMPATH\CodeIgniter.php(497): CodeIgniter\CodeIgniter->runController(Object(App\Controllers\Home))
 8 SYSTEMPATH\CodeIgniter.php(366): CodeIgniter\CodeIgniter->handleRequest(null, Object(Config\Cache), false)
 9 FCPATH\index.php(67): CodeIgniter\CodeIgniter->run()
CRITICAL - 2023-08-27 04:43:46 --> Array to string conversion
in APPPATH\Views\gallery_casa_verde.php on line 56.
 1 APPPATH\Views\gallery_casa_verde.php(56): CodeIgniter\Debug\Exceptions->errorHandler(2, 'Array to string conversion', 'C:\\xampp\\htdocs\\casas\\app\\Views\\gallery_casa_verde.php', 56)
 2 SYSTEMPATH\View\View.php(224): include('C:\\xampp\\htdocs\\casas\\app\\Views\\gallery_casa_verde.php')
 3 SYSTEMPATH\View\View.php(227): CodeIgniter\View\View->CodeIgniter\View\{closure}()
 4 SYSTEMPATH\Common.php(1176): CodeIgniter\View\View->render('gallery_casa_verde', [], true)
 5 APPPATH\Controllers\Home.php(59): view('gallery_casa_verde', [...])
 6 SYSTEMPATH\CodeIgniter.php(932): App\Controllers\Home->galeria('2')
 7 SYSTEMPATH\CodeIgniter.php(497): CodeIgniter\CodeIgniter->runController(Object(App\Controllers\Home))
 8 SYSTEMPATH\CodeIgniter.php(366): CodeIgniter\CodeIgniter->handleRequest(null, Object(Config\Cache), false)
 9 FCPATH\index.php(67): CodeIgniter\CodeIgniter->run()
