CRITICAL - 2023-08-17 15:59:36 --> include_once(templeate/header.php): Failed to open stream: No such file or directory
in APPPATH\Views\casa_naranja.php on line 2.
 1 APPPATH\Views\casa_naranja.php(2): CodeIgniter\Debug\Exceptions->errorHandler(2, 'include_once(templeate/header.php): Failed to open stream: No such file or directory', 'C:\\xampp\\htdocs\\casas\\app\\Views\\casa_naranja.php', 2)
 2 APPPATH\Views\casa_naranja.php(2): include_once()
 3 SYSTEMPATH\View\View.php(224): include('C:\\xampp\\htdocs\\casas\\app\\Views\\casa_naranja.php')
 4 SYSTEMPATH\View\View.php(227): CodeIgniter\View\View->CodeIgniter\View\{closure}()
 5 SYSTEMPATH\Common.php(1176): CodeIgniter\View\View->render('casa_naranja', [], true)
 6 APPPATH\Controllers\Home.php(24): view('casa_naranja')
 7 SYSTEMPATH\CodeIgniter.php(932): App\Controllers\Home->casanaranja()
 8 SYSTEMPATH\CodeIgniter.php(497): CodeIgniter\CodeIgniter->runController(Object(App\Controllers\Home))
 9 SYSTEMPATH\CodeIgniter.php(366): CodeIgniter\CodeIgniter->handleRequest(null, Object(Config\Cache), false)
10 FCPATH\index.php(67): CodeIgniter\CodeIgniter->run()
CRITICAL - 2023-08-17 16:03:42 --> dir(/vendor/assets/img/gallery/casa_naranja): El sistema no puede encontrar la ruta especifica (code: 3)
in APPPATH\Views\casa_naranja.php on line 38.
 1 [internal function]: CodeIgniter\Debug\Exceptions->errorHandler(2, 'dir(/vendor/assets/img/gallery/casa_naranja): El sistema no puede encontrar la ruta especifica (code: 3)', 'C:\\xampp\\htdocs\\casas\\app\\Views\\casa_naranja.php', 38)
 2 APPPATH\Views\casa_naranja.php(38): dir('/vendor/assets/img/gallery/casa_naranja')
 3 SYSTEMPATH\View\View.php(224): include('C:\\xampp\\htdocs\\casas\\app\\Views\\casa_naranja.php')
 4 SYSTEMPATH\View\View.php(227): CodeIgniter\View\View->CodeIgniter\View\{closure}()
 5 SYSTEMPATH\Common.php(1176): CodeIgniter\View\View->render('casa_naranja', [], true)
 6 APPPATH\Controllers\Home.php(24): view('casa_naranja')
 7 SYSTEMPATH\CodeIgniter.php(932): App\Controllers\Home->casanaranja()
 8 SYSTEMPATH\CodeIgniter.php(497): CodeIgniter\CodeIgniter->runController(Object(App\Controllers\Home))
 9 SYSTEMPATH\CodeIgniter.php(366): CodeIgniter\CodeIgniter->handleRequest(null, Object(Config\Cache), false)
10 FCPATH\index.php(67): CodeIgniter\CodeIgniter->run()
CRITICAL - 2023-08-17 16:07:02 --> syntax error, unexpected token "<"
in APPPATH\Views\casa_naranja.php on line 37.
 1 SYSTEMPATH\View\View.php(227): CodeIgniter\View\View->CodeIgniter\View\{closure}()
 2 SYSTEMPATH\Common.php(1176): CodeIgniter\View\View->render('casa_naranja', [], true)
 3 APPPATH\Controllers\Home.php(24): view('casa_naranja')
 4 SYSTEMPATH\CodeIgniter.php(932): App\Controllers\Home->casanaranja()
 5 SYSTEMPATH\CodeIgniter.php(497): CodeIgniter\CodeIgniter->runController(Object(App\Controllers\Home))
 6 SYSTEMPATH\CodeIgniter.php(366): CodeIgniter\CodeIgniter->handleRequest(null, Object(Config\Cache), false)
 7 FCPATH\index.php(67): CodeIgniter\CodeIgniter->run()
CRITICAL - 2023-08-17 16:07:34 --> dir(http://localhost/casas//vendor/assets/img/gallery/casa_naranja): Failed to open directory: not implemented
in APPPATH\Views\casa_naranja.php on line 38.
 1 [internal function]: CodeIgniter\Debug\Exceptions->errorHandler(2, 'dir(http://localhost/casas//vendor/assets/img/gallery/casa_naranja): Failed to open directory: not implemented', 'C:\\xampp\\htdocs\\casas\\app\\Views\\casa_naranja.php', 38)
 2 APPPATH\Views\casa_naranja.php(38): dir('http://localhost/casas//vendor/assets/img/gallery/casa_naranja')
 3 SYSTEMPATH\View\View.php(224): include('C:\\xampp\\htdocs\\casas\\app\\Views\\casa_naranja.php')
 4 SYSTEMPATH\View\View.php(227): CodeIgniter\View\View->CodeIgniter\View\{closure}()
 5 SYSTEMPATH\Common.php(1176): CodeIgniter\View\View->render('casa_naranja', [], true)
 6 APPPATH\Controllers\Home.php(24): view('casa_naranja')
 7 SYSTEMPATH\CodeIgniter.php(932): App\Controllers\Home->casanaranja()
 8 SYSTEMPATH\CodeIgniter.php(497): CodeIgniter\CodeIgniter->runController(Object(App\Controllers\Home))
 9 SYSTEMPATH\CodeIgniter.php(366): CodeIgniter\CodeIgniter->handleRequest(null, Object(Config\Cache), false)
10 FCPATH\index.php(67): CodeIgniter\CodeIgniter->run()
CRITICAL - 2023-08-17 16:08:32 --> dir(http://localhost/casas//vendor/assets/img/gallery/casa_naranja): Failed to open directory: not implemented
in APPPATH\Views\casa_naranja.php on line 38.
 1 [internal function]: CodeIgniter\Debug\Exceptions->errorHandler(2, 'dir(http://localhost/casas//vendor/assets/img/gallery/casa_naranja): Failed to open directory: not implemented', 'C:\\xampp\\htdocs\\casas\\app\\Views\\casa_naranja.php', 38)
 2 APPPATH\Views\casa_naranja.php(38): dir('http://localhost/casas//vendor/assets/img/gallery/casa_naranja')
 3 SYSTEMPATH\View\View.php(224): include('C:\\xampp\\htdocs\\casas\\app\\Views\\casa_naranja.php')
 4 SYSTEMPATH\View\View.php(227): CodeIgniter\View\View->CodeIgniter\View\{closure}()
 5 SYSTEMPATH\Common.php(1176): CodeIgniter\View\View->render('casa_naranja', [], true)
 6 APPPATH\Controllers\Home.php(24): view('casa_naranja')
 7 SYSTEMPATH\CodeIgniter.php(932): App\Controllers\Home->casanaranja()
 8 SYSTEMPATH\CodeIgniter.php(497): CodeIgniter\CodeIgniter->runController(Object(App\Controllers\Home))
 9 SYSTEMPATH\CodeIgniter.php(366): CodeIgniter\CodeIgniter->handleRequest(null, Object(Config\Cache), false)
10 FCPATH\index.php(67): CodeIgniter\CodeIgniter->run()
CRITICAL - 2023-08-17 16:08:49 --> dir(http://localhost/casas/vendor/assets/img/gallery/casa_naranja): Failed to open directory: not implemented
in APPPATH\Views\casa_naranja.php on line 38.
 1 [internal function]: CodeIgniter\Debug\Exceptions->errorHandler(2, 'dir(http://localhost/casas/vendor/assets/img/gallery/casa_naranja): Failed to open directory: not implemented', 'C:\\xampp\\htdocs\\casas\\app\\Views\\casa_naranja.php', 38)
 2 APPPATH\Views\casa_naranja.php(38): dir('http://localhost/casas/vendor/assets/img/gallery/casa_naranja')
 3 SYSTEMPATH\View\View.php(224): include('C:\\xampp\\htdocs\\casas\\app\\Views\\casa_naranja.php')
 4 SYSTEMPATH\View\View.php(227): CodeIgniter\View\View->CodeIgniter\View\{closure}()
 5 SYSTEMPATH\Common.php(1176): CodeIgniter\View\View->render('casa_naranja', [], true)
 6 APPPATH\Controllers\Home.php(24): view('casa_naranja')
 7 SYSTEMPATH\CodeIgniter.php(932): App\Controllers\Home->casanaranja()
 8 SYSTEMPATH\CodeIgniter.php(497): CodeIgniter\CodeIgniter->runController(Object(App\Controllers\Home))
 9 SYSTEMPATH\CodeIgniter.php(366): CodeIgniter\CodeIgniter->handleRequest(null, Object(Config\Cache), false)
10 FCPATH\index.php(67): CodeIgniter\CodeIgniter->run()
CRITICAL - 2023-08-17 16:13:05 --> Undefined property: App\Controllers\Home::$load
in APPPATH\Controllers\Home.php on line 22.
 1 APPPATH\Controllers\Home.php(22): CodeIgniter\Debug\Exceptions->errorHandler(2, 'Undefined property: App\\Controllers\\Home::$load', 'C:\\xampp\\htdocs\\casas\\app\\Controllers\\Home.php', 22)
 2 SYSTEMPATH\CodeIgniter.php(932): App\Controllers\Home->casanaranja()
 3 SYSTEMPATH\CodeIgniter.php(497): CodeIgniter\CodeIgniter->runController(Object(App\Controllers\Home))
 4 SYSTEMPATH\CodeIgniter.php(366): CodeIgniter\CodeIgniter->handleRequest(null, Object(Config\Cache), false)
 5 FCPATH\index.php(67): CodeIgniter\CodeIgniter->run()
CRITICAL - 2023-08-17 16:13:35 --> Call to undefined method App\Controllers\Home::helper()
in APPPATH\Controllers\Home.php on line 22.
 1 SYSTEMPATH\CodeIgniter.php(932): App\Controllers\Home->casanaranja()
 2 SYSTEMPATH\CodeIgniter.php(497): CodeIgniter\CodeIgniter->runController(Object(App\Controllers\Home))
 3 SYSTEMPATH\CodeIgniter.php(366): CodeIgniter\CodeIgniter->handleRequest(null, Object(Config\Cache), false)
 4 FCPATH\index.php(67): CodeIgniter\CodeIgniter->run()
CRITICAL - 2023-08-17 16:13:37 --> Call to undefined method App\Controllers\Home::helper()
in APPPATH\Controllers\Home.php on line 22.
 1 SYSTEMPATH\CodeIgniter.php(932): App\Controllers\Home->casanaranja()
 2 SYSTEMPATH\CodeIgniter.php(497): CodeIgniter\CodeIgniter->runController(Object(App\Controllers\Home))
 3 SYSTEMPATH\CodeIgniter.php(366): CodeIgniter\CodeIgniter->handleRequest(null, Object(Config\Cache), false)
 4 FCPATH\index.php(67): CodeIgniter\CodeIgniter->run()
CRITICAL - 2023-08-17 16:15:53 --> include_once(templeate/footer.php): Failed to open stream: No such file or directory
in APPPATH\Views\casa_naranja.php on line 164.
 1 APPPATH\Views\casa_naranja.php(164): CodeIgniter\Debug\Exceptions->errorHandler(2, 'include_once(templeate/footer.php): Failed to open stream: No such file or directory', 'C:\\xampp\\htdocs\\casas\\app\\Views\\casa_naranja.php', 164)
 2 APPPATH\Views\casa_naranja.php(164): include_once()
 3 SYSTEMPATH\View\View.php(224): include('C:\\xampp\\htdocs\\casas\\app\\Views\\casa_naranja.php')
 4 SYSTEMPATH\View\View.php(227): CodeIgniter\View\View->CodeIgniter\View\{closure}()
 5 SYSTEMPATH\Common.php(1176): CodeIgniter\View\View->render('casa_naranja', [], true)
 6 APPPATH\Controllers\Home.php(24): view('casa_naranja')
 7 SYSTEMPATH\CodeIgniter.php(932): App\Controllers\Home->casanaranja()
 8 SYSTEMPATH\CodeIgniter.php(497): CodeIgniter\CodeIgniter->runController(Object(App\Controllers\Home))
 9 SYSTEMPATH\CodeIgniter.php(366): CodeIgniter\CodeIgniter->handleRequest(null, Object(Config\Cache), false)
10 FCPATH\index.php(67): CodeIgniter\CodeIgniter->run()
CRITICAL - 2023-08-17 16:17:07 --> include_once(templeate/footer.php): Failed to open stream: No such file or directory
in APPPATH\Views\casa_naranja.php on line 164.
 1 APPPATH\Views\casa_naranja.php(164): CodeIgniter\Debug\Exceptions->errorHandler(2, 'include_once(templeate/footer.php): Failed to open stream: No such file or directory', 'C:\\xampp\\htdocs\\casas\\app\\Views\\casa_naranja.php', 164)
 2 APPPATH\Views\casa_naranja.php(164): include_once()
 3 SYSTEMPATH\View\View.php(224): include('C:\\xampp\\htdocs\\casas\\app\\Views\\casa_naranja.php')
 4 SYSTEMPATH\View\View.php(227): CodeIgniter\View\View->CodeIgniter\View\{closure}()
 5 SYSTEMPATH\Common.php(1176): CodeIgniter\View\View->render('casa_naranja', [], true)
 6 APPPATH\Controllers\Home.php(24): view('casa_naranja')
 7 SYSTEMPATH\CodeIgniter.php(932): App\Controllers\Home->casanaranja()
 8 SYSTEMPATH\CodeIgniter.php(497): CodeIgniter\CodeIgniter->runController(Object(App\Controllers\Home))
 9 SYSTEMPATH\CodeIgniter.php(366): CodeIgniter\CodeIgniter->handleRequest(null, Object(Config\Cache), false)
10 FCPATH\index.php(67): CodeIgniter\CodeIgniter->run()
CRITICAL - 2023-08-17 16:45:05 --> include_once(templeate/header.php): Failed to open stream: No such file or directory
in APPPATH\Views\casa_naranja.php on line 2.
 1 APPPATH\Views\casa_naranja.php(2): CodeIgniter\Debug\Exceptions->errorHandler(2, 'include_once(templeate/header.php): Failed to open stream: No such file or directory', 'C:\\xampp\\htdocs\\casas\\app\\Views\\casa_naranja.php', 2)
 2 APPPATH\Views\casa_naranja.php(2): include_once()
 3 SYSTEMPATH\View\View.php(224): include('C:\\xampp\\htdocs\\casas\\app\\Views\\casa_naranja.php')
 4 SYSTEMPATH\View\View.php(227): CodeIgniter\View\View->CodeIgniter\View\{closure}()
 5 SYSTEMPATH\Common.php(1176): CodeIgniter\View\View->render('casa_naranja', [], true)
 6 APPPATH\Controllers\Home.php(23): view('casa_naranja')
 7 SYSTEMPATH\CodeIgniter.php(932): App\Controllers\Home->casanaranja()
 8 SYSTEMPATH\CodeIgniter.php(497): CodeIgniter\CodeIgniter->runController(Object(App\Controllers\Home))
 9 SYSTEMPATH\CodeIgniter.php(366): CodeIgniter\CodeIgniter->handleRequest(null, Object(Config\Cache), false)
10 FCPATH\index.php(67): CodeIgniter\CodeIgniter->run()
CRITICAL - 2023-08-17 16:45:10 --> include_once(/templeate/header.php): Failed to open stream: No such file or directory
in APPPATH\Views\casa_naranja.php on line 2.
 1 APPPATH\Views\casa_naranja.php(2): CodeIgniter\Debug\Exceptions->errorHandler(2, 'include_once(/templeate/header.php): Failed to open stream: No such file or directory', 'C:\\xampp\\htdocs\\casas\\app\\Views\\casa_naranja.php', 2)
 2 APPPATH\Views\casa_naranja.php(2): include_once()
 3 SYSTEMPATH\View\View.php(224): include('C:\\xampp\\htdocs\\casas\\app\\Views\\casa_naranja.php')
 4 SYSTEMPATH\View\View.php(227): CodeIgniter\View\View->CodeIgniter\View\{closure}()
 5 SYSTEMPATH\Common.php(1176): CodeIgniter\View\View->render('casa_naranja', [], true)
 6 APPPATH\Controllers\Home.php(23): view('casa_naranja')
 7 SYSTEMPATH\CodeIgniter.php(932): App\Controllers\Home->casanaranja()
 8 SYSTEMPATH\CodeIgniter.php(497): CodeIgniter\CodeIgniter->runController(Object(App\Controllers\Home))
 9 SYSTEMPATH\CodeIgniter.php(366): CodeIgniter\CodeIgniter->handleRequest(null, Object(Config\Cache), false)
10 FCPATH\index.php(67): CodeIgniter\CodeIgniter->run()
