CRITICAL - 2023-08-23 01:16:31 --> include_once(templeate/header.php): Failed to open stream: No such file or directory
in APPPATH\Views\gallery_casa_naranja.php on line 2.
 1 APPPATH\Views\gallery_casa_naranja.php(2): CodeIgniter\Debug\Exceptions->errorHandler(2, 'include_once(templeate/header.php): Failed to open stream: No such file or directory', 'C:\\xampp\\htdocs\\casas\\app\\Views\\gallery_casa_naranja.php', 2)
 2 APPPATH\Views\gallery_casa_naranja.php(2): include_once()
 3 SYSTEMPATH\View\View.php(224): include('C:\\xampp\\htdocs\\casas\\app\\Views\\gallery_casa_naranja.php')
 4 SYSTEMPATH\View\View.php(227): CodeIgniter\View\View->CodeIgniter\View\{closure}()
 5 SYSTEMPATH\Common.php(1176): CodeIgniter\View\View->render('gallery_casa_naranja', [], true)
 6 APPPATH\Controllers\Home.php(26): view('gallery_casa_naranja')
 7 SYSTEMPATH\CodeIgniter.php(932): App\Controllers\Home->galerianaranja()
 8 SYSTEMPATH\CodeIgniter.php(497): CodeIgniter\CodeIgniter->runController(Object(App\Controllers\Home))
 9 SYSTEMPATH\CodeIgniter.php(366): CodeIgniter\CodeIgniter->handleRequest(null, Object(Config\Cache), false)
10 FCPATH\index.php(67): CodeIgniter\CodeIgniter->run()
CRITICAL - 2023-08-23 01:17:00 --> dir(assets/img/gallery/casa_naranja/all_photo/): El sistema no puede encontrar la ruta especifica (code: 3)
in APPPATH\Views\gallery_casa_naranja.php on line 15.
 1 [internal function]: CodeIgniter\Debug\Exceptions->errorHandler(2, 'dir(assets/img/gallery/casa_naranja/all_photo/): El sistema no puede encontrar la ruta especifica (code: 3)', 'C:\\xampp\\htdocs\\casas\\app\\Views\\gallery_casa_naranja.php', 15)
 2 APPPATH\Views\gallery_casa_naranja.php(15): dir('assets/img/gallery/casa_naranja/all_photo/')
 3 SYSTEMPATH\View\View.php(224): include('C:\\xampp\\htdocs\\casas\\app\\Views\\gallery_casa_naranja.php')
 4 SYSTEMPATH\View\View.php(227): CodeIgniter\View\View->CodeIgniter\View\{closure}()
 5 SYSTEMPATH\Common.php(1176): CodeIgniter\View\View->render('gallery_casa_naranja', [], true)
 6 APPPATH\Controllers\Home.php(26): view('gallery_casa_naranja')
 7 SYSTEMPATH\CodeIgniter.php(932): App\Controllers\Home->galerianaranja()
 8 SYSTEMPATH\CodeIgniter.php(497): CodeIgniter\CodeIgniter->runController(Object(App\Controllers\Home))
 9 SYSTEMPATH\CodeIgniter.php(366): CodeIgniter\CodeIgniter->handleRequest(null, Object(Config\Cache), false)
10 FCPATH\index.php(67): CodeIgniter\CodeIgniter->run()
CRITICAL - 2023-08-23 01:26:03 --> dir(): Argument #1 ($directory) must be of type string, resource given
in APPPATH\Views\gallery_casa_naranja.php on line 17.
 1 APPPATH\Views\gallery_casa_naranja.php(17): dir(resource (stream))
 2 SYSTEMPATH\View\View.php(224): include('C:\\xampp\\htdocs\\casas\\app\\Views\\gallery_casa_naranja.php')
 3 SYSTEMPATH\View\View.php(227): CodeIgniter\View\View->CodeIgniter\View\{closure}()
 4 SYSTEMPATH\Common.php(1176): CodeIgniter\View\View->render('gallery_casa_naranja', [], true)
 5 APPPATH\Controllers\Home.php(26): view('gallery_casa_naranja')
 6 SYSTEMPATH\CodeIgniter.php(932): App\Controllers\Home->galerianaranja()
 7 SYSTEMPATH\CodeIgniter.php(497): CodeIgniter\CodeIgniter->runController(Object(App\Controllers\Home))
 8 SYSTEMPATH\CodeIgniter.php(366): CodeIgniter\CodeIgniter->handleRequest(null, Object(Config\Cache), false)
 9 FCPATH\index.php(67): CodeIgniter\CodeIgniter->run()
CRITICAL - 2023-08-23 01:28:27 --> Undefined variable $directorio
in APPPATH\Views\gallery_casa_naranja.php on line 17.
 1 APPPATH\Views\gallery_casa_naranja.php(17): CodeIgniter\Debug\Exceptions->errorHandler(2, 'Undefined variable $directorio', 'C:\\xampp\\htdocs\\casas\\app\\Views\\gallery_casa_naranja.php', 17)
 2 SYSTEMPATH\View\View.php(224): include('C:\\xampp\\htdocs\\casas\\app\\Views\\gallery_casa_naranja.php')
 3 SYSTEMPATH\View\View.php(227): CodeIgniter\View\View->CodeIgniter\View\{closure}()
 4 SYSTEMPATH\Common.php(1176): CodeIgniter\View\View->render('gallery_casa_naranja', [], true)
 5 APPPATH\Controllers\Home.php(26): view('gallery_casa_naranja')
 6 SYSTEMPATH\CodeIgniter.php(932): App\Controllers\Home->galerianaranja()
 7 SYSTEMPATH\CodeIgniter.php(497): CodeIgniter\CodeIgniter->runController(Object(App\Controllers\Home))
 8 SYSTEMPATH\CodeIgniter.php(366): CodeIgniter\CodeIgniter->handleRequest(null, Object(Config\Cache), false)
 9 FCPATH\index.php(67): CodeIgniter\CodeIgniter->run()
CRITICAL - 2023-08-23 01:29:02 --> Call to a member function read() on string
in APPPATH\Views\gallery_casa_naranja.php on line 20.
 1 SYSTEMPATH\View\View.php(224): include()
 2 SYSTEMPATH\View\View.php(227): CodeIgniter\View\View->CodeIgniter\View\{closure}()
 3 SYSTEMPATH\Common.php(1176): CodeIgniter\View\View->render('gallery_casa_naranja', [], true)
 4 APPPATH\Controllers\Home.php(26): view('gallery_casa_naranja')
 5 SYSTEMPATH\CodeIgniter.php(932): App\Controllers\Home->galerianaranja()
 6 SYSTEMPATH\CodeIgniter.php(497): CodeIgniter\CodeIgniter->runController(Object(App\Controllers\Home))
 7 SYSTEMPATH\CodeIgniter.php(366): CodeIgniter\CodeIgniter->handleRequest(null, Object(Config\Cache), false)
 8 FCPATH\index.php(67): CodeIgniter\CodeIgniter->run()
CRITICAL - 2023-08-23 01:32:59 --> Undefined variable $directorio
in APPPATH\Views\gallery_casa_naranja.php on line 20.
 1 APPPATH\Views\gallery_casa_naranja.php(20): CodeIgniter\Debug\Exceptions->errorHandler(2, 'Undefined variable $directorio', 'C:\\xampp\\htdocs\\casas\\app\\Views\\gallery_casa_naranja.php', 20)
 2 SYSTEMPATH\View\View.php(224): include('C:\\xampp\\htdocs\\casas\\app\\Views\\gallery_casa_naranja.php')
 3 SYSTEMPATH\View\View.php(227): CodeIgniter\View\View->CodeIgniter\View\{closure}()
 4 SYSTEMPATH\Common.php(1176): CodeIgniter\View\View->render('gallery_casa_naranja', [], true)
 5 APPPATH\Controllers\Home.php(26): view('gallery_casa_naranja')
 6 SYSTEMPATH\CodeIgniter.php(932): App\Controllers\Home->galerianaranja()
 7 SYSTEMPATH\CodeIgniter.php(497): CodeIgniter\CodeIgniter->runController(Object(App\Controllers\Home))
 8 SYSTEMPATH\CodeIgniter.php(366): CodeIgniter\CodeIgniter->handleRequest(null, Object(Config\Cache), false)
 9 FCPATH\index.php(67): CodeIgniter\CodeIgniter->run()
CRITICAL - 2023-08-23 01:33:42 --> Undefined variable $directorio
in APPPATH\Views\gallery_casa_naranja.php on line 20.
 1 APPPATH\Views\gallery_casa_naranja.php(20): CodeIgniter\Debug\Exceptions->errorHandler(2, 'Undefined variable $directorio', 'C:\\xampp\\htdocs\\casas\\app\\Views\\gallery_casa_naranja.php', 20)
 2 SYSTEMPATH\View\View.php(224): include('C:\\xampp\\htdocs\\casas\\app\\Views\\gallery_casa_naranja.php')
 3 SYSTEMPATH\View\View.php(227): CodeIgniter\View\View->CodeIgniter\View\{closure}()
 4 SYSTEMPATH\Common.php(1176): CodeIgniter\View\View->render('gallery_casa_naranja', [], true)
 5 APPPATH\Controllers\Home.php(26): view('gallery_casa_naranja')
 6 SYSTEMPATH\CodeIgniter.php(932): App\Controllers\Home->galerianaranja()
 7 SYSTEMPATH\CodeIgniter.php(497): CodeIgniter\CodeIgniter->runController(Object(App\Controllers\Home))
 8 SYSTEMPATH\CodeIgniter.php(366): CodeIgniter\CodeIgniter->handleRequest(null, Object(Config\Cache), false)
 9 FCPATH\index.php(67): CodeIgniter\CodeIgniter->run()
CRITICAL - 2023-08-23 01:34:00 --> Call to a member function close() on string
in APPPATH\Views\gallery_casa_naranja.php on line 32.
 1 SYSTEMPATH\View\View.php(224): include()
 2 SYSTEMPATH\View\View.php(227): CodeIgniter\View\View->CodeIgniter\View\{closure}()
 3 SYSTEMPATH\Common.php(1176): CodeIgniter\View\View->render('gallery_casa_naranja', [], true)
 4 APPPATH\Controllers\Home.php(26): view('gallery_casa_naranja')
 5 SYSTEMPATH\CodeIgniter.php(932): App\Controllers\Home->galerianaranja()
 6 SYSTEMPATH\CodeIgniter.php(497): CodeIgniter\CodeIgniter->runController(Object(App\Controllers\Home))
 7 SYSTEMPATH\CodeIgniter.php(366): CodeIgniter\CodeIgniter->handleRequest(null, Object(Config\Cache), false)
 8 FCPATH\index.php(67): CodeIgniter\CodeIgniter->run()
CRITICAL - 2023-08-23 01:34:11 --> dir(assets/img/gallery/casa_naranja/all_photo/): El sistema no puede encontrar la ruta especifica (code: 3)
in APPPATH\Views\gallery_casa_naranja.php on line 57.
 1 [internal function]: CodeIgniter\Debug\Exceptions->errorHandler(2, 'dir(assets/img/gallery/casa_naranja/all_photo/): El sistema no puede encontrar la ruta especifica (code: 3)', 'C:\\xampp\\htdocs\\casas\\app\\Views\\gallery_casa_naranja.php', 57)
 2 APPPATH\Views\gallery_casa_naranja.php(57): dir('assets/img/gallery/casa_naranja/all_photo/')
 3 SYSTEMPATH\View\View.php(224): include('C:\\xampp\\htdocs\\casas\\app\\Views\\gallery_casa_naranja.php')
 4 SYSTEMPATH\View\View.php(227): CodeIgniter\View\View->CodeIgniter\View\{closure}()
 5 SYSTEMPATH\Common.php(1176): CodeIgniter\View\View->render('gallery_casa_naranja', [], true)
 6 APPPATH\Controllers\Home.php(26): view('gallery_casa_naranja')
 7 SYSTEMPATH\CodeIgniter.php(932): App\Controllers\Home->galerianaranja()
 8 SYSTEMPATH\CodeIgniter.php(497): CodeIgniter\CodeIgniter->runController(Object(App\Controllers\Home))
 9 SYSTEMPATH\CodeIgniter.php(366): CodeIgniter\CodeIgniter->handleRequest(null, Object(Config\Cache), false)
10 FCPATH\index.php(67): CodeIgniter\CodeIgniter->run()
CRITICAL - 2023-08-23 01:35:15 --> dir(): Argument #1 ($directory) must be of type string, resource given
in APPPATH\Views\gallery_casa_naranja.php on line 58.
 1 APPPATH\Views\gallery_casa_naranja.php(58): dir(resource (stream))
 2 SYSTEMPATH\View\View.php(224): include('C:\\xampp\\htdocs\\casas\\app\\Views\\gallery_casa_naranja.php')
 3 SYSTEMPATH\View\View.php(227): CodeIgniter\View\View->CodeIgniter\View\{closure}()
 4 SYSTEMPATH\Common.php(1176): CodeIgniter\View\View->render('gallery_casa_naranja', [], true)
 5 APPPATH\Controllers\Home.php(26): view('gallery_casa_naranja')
 6 SYSTEMPATH\CodeIgniter.php(932): App\Controllers\Home->galerianaranja()
 7 SYSTEMPATH\CodeIgniter.php(497): CodeIgniter\CodeIgniter->runController(Object(App\Controllers\Home))
 8 SYSTEMPATH\CodeIgniter.php(366): CodeIgniter\CodeIgniter->handleRequest(null, Object(Config\Cache), false)
 9 FCPATH\index.php(67): CodeIgniter\CodeIgniter->run()
CRITICAL - 2023-08-23 01:37:56 --> dir(): Argument #1 ($directory) must be of type string, resource given
in APPPATH\Views\gallery_casa_naranja.php on line 58.
 1 APPPATH\Views\gallery_casa_naranja.php(58): dir(resource (stream))
 2 SYSTEMPATH\View\View.php(224): include('C:\\xampp\\htdocs\\casas\\app\\Views\\gallery_casa_naranja.php')
 3 SYSTEMPATH\View\View.php(227): CodeIgniter\View\View->CodeIgniter\View\{closure}()
 4 SYSTEMPATH\Common.php(1176): CodeIgniter\View\View->render('gallery_casa_naranja', [], true)
 5 APPPATH\Controllers\Home.php(26): view('gallery_casa_naranja')
 6 SYSTEMPATH\CodeIgniter.php(932): App\Controllers\Home->galerianaranja()
 7 SYSTEMPATH\CodeIgniter.php(497): CodeIgniter\CodeIgniter->runController(Object(App\Controllers\Home))
 8 SYSTEMPATH\CodeIgniter.php(366): CodeIgniter\CodeIgniter->handleRequest(null, Object(Config\Cache), false)
 9 FCPATH\index.php(67): CodeIgniter\CodeIgniter->run()
