CRITICAL - 2023-08-08 04:34:35 --> dir(assets/img/gallery/casa_naranja/): El sistema no puede encontrar la ruta especifica (code: 3)
in APPPATH\Views\casa_naranja.php on line 37.
 1 [internal function]: CodeIgniter\Debug\Exceptions->errorHandler(2, 'dir(assets/img/gallery/casa_naranja/): El sistema no puede encontrar la ruta especifica (code: 3)', 'C:\\xampp\\htdocs\\casas\\app\\Views\\casa_naranja.php', 37)
 2 APPPATH\Views\casa_naranja.php(37): dir('assets/img/gallery/casa_naranja/')
 3 SYSTEMPATH\View\View.php(224): include('C:\\xampp\\htdocs\\casas\\app\\Views\\casa_naranja.php')
 4 SYSTEMPATH\View\View.php(227): CodeIgniter\View\View->CodeIgniter\View\{closure}()
 5 SYSTEMPATH\Common.php(1176): CodeIgniter\View\View->render('casa_naranja', [], true)
 6 APPPATH\Controllers\Home.php(15): view('casa_naranja')
 7 SYSTEMPATH\CodeIgniter.php(932): App\Controllers\Home->casa_naranja()
 8 SYSTEMPATH\CodeIgniter.php(497): CodeIgniter\CodeIgniter->runController(Object(App\Controllers\Home))
 9 SYSTEMPATH\CodeIgniter.php(366): CodeIgniter\CodeIgniter->handleRequest(null, Object(Config\Cache), false)
10 FCPATH\index.php(67): CodeIgniter\CodeIgniter->run()
CRITICAL - 2023-08-08 04:35:26 --> dir(assets/img/gallery/casa_naranja/): El sistema no puede encontrar la ruta especifica (code: 3)
in APPPATH\Views\casa_naranja.php on line 37.
 1 [internal function]: CodeIgniter\Debug\Exceptions->errorHandler(2, 'dir(assets/img/gallery/casa_naranja/): El sistema no puede encontrar la ruta especifica (code: 3)', 'C:\\xampp\\htdocs\\casas\\app\\Views\\casa_naranja.php', 37)
 2 APPPATH\Views\casa_naranja.php(37): dir('assets/img/gallery/casa_naranja/')
 3 SYSTEMPATH\View\View.php(224): include('C:\\xampp\\htdocs\\casas\\app\\Views\\casa_naranja.php')
 4 SYSTEMPATH\View\View.php(227): CodeIgniter\View\View->CodeIgniter\View\{closure}()
 5 SYSTEMPATH\Common.php(1176): CodeIgniter\View\View->render('casa_naranja', [], true)
 6 APPPATH\Controllers\Home.php(15): view('casa_naranja')
 7 SYSTEMPATH\CodeIgniter.php(932): App\Controllers\Home->casa_naranja()
 8 SYSTEMPATH\CodeIgniter.php(497): CodeIgniter\CodeIgniter->runController(Object(App\Controllers\Home))
 9 SYSTEMPATH\CodeIgniter.php(366): CodeIgniter\CodeIgniter->handleRequest(null, Object(Config\Cache), false)
10 FCPATH\index.php(67): CodeIgniter\CodeIgniter->run()
CRITICAL - 2023-08-08 04:36:11 --> dir(assets/img/gallery/casa_naranja/): El sistema no puede encontrar la ruta especifica (code: 3)
in APPPATH\Views\casa_naranja.php on line 37.
 1 [internal function]: CodeIgniter\Debug\Exceptions->errorHandler(2, 'dir(assets/img/gallery/casa_naranja/): El sistema no puede encontrar la ruta especifica (code: 3)', 'C:\\xampp\\htdocs\\casas\\app\\Views\\casa_naranja.php', 37)
 2 APPPATH\Views\casa_naranja.php(37): dir('assets/img/gallery/casa_naranja/')
 3 SYSTEMPATH\View\View.php(224): include('C:\\xampp\\htdocs\\casas\\app\\Views\\casa_naranja.php')
 4 SYSTEMPATH\View\View.php(227): CodeIgniter\View\View->CodeIgniter\View\{closure}()
 5 SYSTEMPATH\Common.php(1176): CodeIgniter\View\View->render('casa_naranja', [], true)
 6 APPPATH\Controllers\Home.php(15): view('casa_naranja')
 7 SYSTEMPATH\CodeIgniter.php(932): App\Controllers\Home->casa_naranja()
 8 SYSTEMPATH\CodeIgniter.php(497): CodeIgniter\CodeIgniter->runController(Object(App\Controllers\Home))
 9 SYSTEMPATH\CodeIgniter.php(366): CodeIgniter\CodeIgniter->handleRequest(null, Object(Config\Cache), false)
10 FCPATH\index.php(67): CodeIgniter\CodeIgniter->run()
CRITICAL - 2023-08-08 04:39:31 --> dir(assets/img/gallery/casa_naranja/): El sistema no puede encontrar la ruta especifica (code: 3)
in APPPATH\Views\casa_naranja.php on line 37.
 1 [internal function]: CodeIgniter\Debug\Exceptions->errorHandler(2, 'dir(assets/img/gallery/casa_naranja/): El sistema no puede encontrar la ruta especifica (code: 3)', 'C:\\xampp\\htdocs\\casas\\app\\Views\\casa_naranja.php', 37)
 2 APPPATH\Views\casa_naranja.php(37): dir('assets/img/gallery/casa_naranja/')
 3 SYSTEMPATH\View\View.php(224): include('C:\\xampp\\htdocs\\casas\\app\\Views\\casa_naranja.php')
 4 SYSTEMPATH\View\View.php(227): CodeIgniter\View\View->CodeIgniter\View\{closure}()
 5 SYSTEMPATH\Common.php(1176): CodeIgniter\View\View->render('casa_naranja', [], true)
 6 APPPATH\Controllers\Home.php(15): view('casa_naranja')
 7 SYSTEMPATH\CodeIgniter.php(932): App\Controllers\Home->casa_naranja()
 8 SYSTEMPATH\CodeIgniter.php(497): CodeIgniter\CodeIgniter->runController(Object(App\Controllers\Home))
 9 SYSTEMPATH\CodeIgniter.php(366): CodeIgniter\CodeIgniter->handleRequest(null, Object(Config\Cache), false)
10 FCPATH\index.php(67): CodeIgniter\CodeIgniter->run()
CRITICAL - 2023-08-08 04:40:15 --> dir(http://localhost/casas/assets/img/gallery/casa_naranja/): Failed to open directory: not implemented
in APPPATH\Views\casa_naranja.php on line 37.
 1 [internal function]: CodeIgniter\Debug\Exceptions->errorHandler(2, 'dir(http://localhost/casas/assets/img/gallery/casa_naranja/): Failed to open directory: not implemented', 'C:\\xampp\\htdocs\\casas\\app\\Views\\casa_naranja.php', 37)
 2 APPPATH\Views\casa_naranja.php(37): dir('http://localhost/casas/assets/img/gallery/casa_naranja/')
 3 SYSTEMPATH\View\View.php(224): include('C:\\xampp\\htdocs\\casas\\app\\Views\\casa_naranja.php')
 4 SYSTEMPATH\View\View.php(227): CodeIgniter\View\View->CodeIgniter\View\{closure}()
 5 SYSTEMPATH\Common.php(1176): CodeIgniter\View\View->render('casa_naranja', [], true)
 6 APPPATH\Controllers\Home.php(15): view('casa_naranja')
 7 SYSTEMPATH\CodeIgniter.php(932): App\Controllers\Home->casa_naranja()
 8 SYSTEMPATH\CodeIgniter.php(497): CodeIgniter\CodeIgniter->runController(Object(App\Controllers\Home))
 9 SYSTEMPATH\CodeIgniter.php(366): CodeIgniter\CodeIgniter->handleRequest(null, Object(Config\Cache), false)
10 FCPATH\index.php(67): CodeIgniter\CodeIgniter->run()
CRITICAL - 2023-08-08 04:40:26 --> dir(http://localhost/casas/assets/img/gallery/casa_naranja/): Failed to open directory: not implemented
in APPPATH\Views\casa_naranja.php on line 37.
 1 [internal function]: CodeIgniter\Debug\Exceptions->errorHandler(2, 'dir(http://localhost/casas/assets/img/gallery/casa_naranja/): Failed to open directory: not implemented', 'C:\\xampp\\htdocs\\casas\\app\\Views\\casa_naranja.php', 37)
 2 APPPATH\Views\casa_naranja.php(37): dir('http://localhost/casas/assets/img/gallery/casa_naranja/')
 3 SYSTEMPATH\View\View.php(224): include('C:\\xampp\\htdocs\\casas\\app\\Views\\casa_naranja.php')
 4 SYSTEMPATH\View\View.php(227): CodeIgniter\View\View->CodeIgniter\View\{closure}()
 5 SYSTEMPATH\Common.php(1176): CodeIgniter\View\View->render('casa_naranja', [], true)
 6 APPPATH\Controllers\Home.php(15): view('casa_naranja')
 7 SYSTEMPATH\CodeIgniter.php(932): App\Controllers\Home->casa_naranja()
 8 SYSTEMPATH\CodeIgniter.php(497): CodeIgniter\CodeIgniter->runController(Object(App\Controllers\Home))
 9 SYSTEMPATH\CodeIgniter.php(366): CodeIgniter\CodeIgniter->handleRequest(null, Object(Config\Cache), false)
10 FCPATH\index.php(67): CodeIgniter\CodeIgniter->run()
CRITICAL - 2023-08-08 04:40:58 --> dir(http://localhost/casas/vendor/assets/img/gallery/casa_naranja/): Failed to open directory: not implemented
in APPPATH\Views\casa_naranja.php on line 37.
 1 [internal function]: CodeIgniter\Debug\Exceptions->errorHandler(2, 'dir(http://localhost/casas/vendor/assets/img/gallery/casa_naranja/): Failed to open directory: not implemented', 'C:\\xampp\\htdocs\\casas\\app\\Views\\casa_naranja.php', 37)
 2 APPPATH\Views\casa_naranja.php(37): dir('http://localhost/casas/vendor/assets/img/gallery/casa_naranja/')
 3 SYSTEMPATH\View\View.php(224): include('C:\\xampp\\htdocs\\casas\\app\\Views\\casa_naranja.php')
 4 SYSTEMPATH\View\View.php(227): CodeIgniter\View\View->CodeIgniter\View\{closure}()
 5 SYSTEMPATH\Common.php(1176): CodeIgniter\View\View->render('casa_naranja', [], true)
 6 APPPATH\Controllers\Home.php(15): view('casa_naranja')
 7 SYSTEMPATH\CodeIgniter.php(932): App\Controllers\Home->casa_naranja()
 8 SYSTEMPATH\CodeIgniter.php(497): CodeIgniter\CodeIgniter->runController(Object(App\Controllers\Home))
 9 SYSTEMPATH\CodeIgniter.php(366): CodeIgniter\CodeIgniter->handleRequest(null, Object(Config\Cache), false)
10 FCPATH\index.php(67): CodeIgniter\CodeIgniter->run()
CRITICAL - 2023-08-08 04:41:38 --> dir(http://localhost/casas//vendor/assets/img/gallery/casa_naranja/): Failed to open directory: not implemented
in APPPATH\Views\casa_naranja.php on line 37.
 1 [internal function]: CodeIgniter\Debug\Exceptions->errorHandler(2, 'dir(http://localhost/casas//vendor/assets/img/gallery/casa_naranja/): Failed to open directory: not implemented', 'C:\\xampp\\htdocs\\casas\\app\\Views\\casa_naranja.php', 37)
 2 APPPATH\Views\casa_naranja.php(37): dir('http://localhost/casas//vendor/assets/img/gallery/casa_naranja/')
 3 SYSTEMPATH\View\View.php(224): include('C:\\xampp\\htdocs\\casas\\app\\Views\\casa_naranja.php')
 4 SYSTEMPATH\View\View.php(227): CodeIgniter\View\View->CodeIgniter\View\{closure}()
 5 SYSTEMPATH\Common.php(1176): CodeIgniter\View\View->render('casa_naranja', [], true)
 6 APPPATH\Controllers\Home.php(15): view('casa_naranja')
 7 SYSTEMPATH\CodeIgniter.php(932): App\Controllers\Home->casa_naranja()
 8 SYSTEMPATH\CodeIgniter.php(497): CodeIgniter\CodeIgniter->runController(Object(App\Controllers\Home))
 9 SYSTEMPATH\CodeIgniter.php(366): CodeIgniter\CodeIgniter->handleRequest(null, Object(Config\Cache), false)
10 FCPATH\index.php(67): CodeIgniter\CodeIgniter->run()
CRITICAL - 2023-08-08 04:41:45 --> dir(http://localhost/casas/vendor/assets/img/gallery/casa_naranja/): Failed to open directory: not implemented
in APPPATH\Views\casa_naranja.php on line 37.
 1 [internal function]: CodeIgniter\Debug\Exceptions->errorHandler(2, 'dir(http://localhost/casas/vendor/assets/img/gallery/casa_naranja/): Failed to open directory: not implemented', 'C:\\xampp\\htdocs\\casas\\app\\Views\\casa_naranja.php', 37)
 2 APPPATH\Views\casa_naranja.php(37): dir('http://localhost/casas/vendor/assets/img/gallery/casa_naranja/')
 3 SYSTEMPATH\View\View.php(224): include('C:\\xampp\\htdocs\\casas\\app\\Views\\casa_naranja.php')
 4 SYSTEMPATH\View\View.php(227): CodeIgniter\View\View->CodeIgniter\View\{closure}()
 5 SYSTEMPATH\Common.php(1176): CodeIgniter\View\View->render('casa_naranja', [], true)
 6 APPPATH\Controllers\Home.php(15): view('casa_naranja')
 7 SYSTEMPATH\CodeIgniter.php(932): App\Controllers\Home->casa_naranja()
 8 SYSTEMPATH\CodeIgniter.php(497): CodeIgniter\CodeIgniter->runController(Object(App\Controllers\Home))
 9 SYSTEMPATH\CodeIgniter.php(366): CodeIgniter\CodeIgniter->handleRequest(null, Object(Config\Cache), false)
10 FCPATH\index.php(67): CodeIgniter\CodeIgniter->run()
CRITICAL - 2023-08-08 04:43:26 --> dir(http://localhost/casas/vendor/assets/img/gallery/casa_naranja/): Failed to open directory: not implemented
in APPPATH\Views\casa_naranja.php on line 37.
 1 [internal function]: CodeIgniter\Debug\Exceptions->errorHandler(2, 'dir(http://localhost/casas/vendor/assets/img/gallery/casa_naranja/): Failed to open directory: not implemented', 'C:\\xampp\\htdocs\\casas\\app\\Views\\casa_naranja.php', 37)
 2 APPPATH\Views\casa_naranja.php(37): dir('http://localhost/casas/vendor/assets/img/gallery/casa_naranja/')
 3 SYSTEMPATH\View\View.php(224): include('C:\\xampp\\htdocs\\casas\\app\\Views\\casa_naranja.php')
 4 SYSTEMPATH\View\View.php(227): CodeIgniter\View\View->CodeIgniter\View\{closure}()
 5 SYSTEMPATH\Common.php(1176): CodeIgniter\View\View->render('casa_naranja', [], true)
 6 APPPATH\Controllers\Home.php(15): view('casa_naranja')
 7 SYSTEMPATH\CodeIgniter.php(932): App\Controllers\Home->casa_naranja()
 8 SYSTEMPATH\CodeIgniter.php(497): CodeIgniter\CodeIgniter->runController(Object(App\Controllers\Home))
 9 SYSTEMPATH\CodeIgniter.php(366): CodeIgniter\CodeIgniter->handleRequest(null, Object(Config\Cache), false)
10 FCPATH\index.php(67): CodeIgniter\CodeIgniter->run()
