CRITICAL - 2023-08-22 02:10:11 --> opendir(vendor/vendor/assets/img/gallery/casa_naranja/): El sistema no puede encontrar la ruta especifica (code: 3)
in APPPATH\Views\casa_naranja.php on line 176.
 1 [internal function]: CodeIgniter\Debug\Exceptions->errorHandler(2, 'opendir(vendor/vendor/assets/img/gallery/casa_naranja/): El sistema no puede encontrar la ruta especifica (code: 3)', 'C:\\xampp\\htdocs\\casas\\app\\Views\\casa_naranja.php', 176)
 2 APPPATH\Views\casa_naranja.php(176): opendir('vendor/vendor/assets/img/gallery/casa_naranja/')
 3 SYSTEMPATH\View\View.php(224): include('C:\\xampp\\htdocs\\casas\\app\\Views\\casa_naranja.php')
 4 SYSTEMPATH\View\View.php(227): CodeIgniter\View\View->CodeIgniter\View\{closure}()
 5 SYSTEMPATH\Common.php(1176): CodeIgniter\View\View->render('casa_naranja', [], true)
 6 APPPATH\Controllers\Home.php(23): view('casa_naranja')
 7 SYSTEMPATH\CodeIgniter.php(932): App\Controllers\Home->casanaranja()
 8 SYSTEMPATH\CodeIgniter.php(497): CodeIgniter\CodeIgniter->runController(Object(App\Controllers\Home))
 9 SYSTEMPATH\CodeIgniter.php(366): CodeIgniter\CodeIgniter->handleRequest(null, Object(Config\Cache), false)
10 FCPATH\index.php(67): CodeIgniter\CodeIgniter->run()
CRITICAL - 2023-08-22 02:11:08 --> opendir(vendor/vendor/assets/img/gallery/casa_naranja/): El sistema no puede encontrar la ruta especifica (code: 3)
in APPPATH\Views\casa_naranja.php on line 176.
 1 [internal function]: CodeIgniter\Debug\Exceptions->errorHandler(2, 'opendir(vendor/vendor/assets/img/gallery/casa_naranja/): El sistema no puede encontrar la ruta especifica (code: 3)', 'C:\\xampp\\htdocs\\casas\\app\\Views\\casa_naranja.php', 176)
 2 APPPATH\Views\casa_naranja.php(176): opendir('vendor/vendor/assets/img/gallery/casa_naranja/')
 3 SYSTEMPATH\View\View.php(224): include('C:\\xampp\\htdocs\\casas\\app\\Views\\casa_naranja.php')
 4 SYSTEMPATH\View\View.php(227): CodeIgniter\View\View->CodeIgniter\View\{closure}()
 5 SYSTEMPATH\Common.php(1176): CodeIgniter\View\View->render('casa_naranja', [], true)
 6 APPPATH\Controllers\Home.php(23): view('casa_naranja')
 7 SYSTEMPATH\CodeIgniter.php(932): App\Controllers\Home->casanaranja()
 8 SYSTEMPATH\CodeIgniter.php(497): CodeIgniter\CodeIgniter->runController(Object(App\Controllers\Home))
 9 SYSTEMPATH\CodeIgniter.php(366): CodeIgniter\CodeIgniter->handleRequest(null, Object(Config\Cache), false)
10 FCPATH\index.php(67): CodeIgniter\CodeIgniter->run()
CRITICAL - 2023-08-22 02:12:28 --> opendir(vendor/vendor/assets/img/gallery/casa_naranja/): El sistema no puede encontrar la ruta especifica (code: 3)
in APPPATH\Views\casa_naranja.php on line 176.
 1 [internal function]: CodeIgniter\Debug\Exceptions->errorHandler(2, 'opendir(vendor/vendor/assets/img/gallery/casa_naranja/): El sistema no puede encontrar la ruta especifica (code: 3)', 'C:\\xampp\\htdocs\\casas\\app\\Views\\casa_naranja.php', 176)
 2 APPPATH\Views\casa_naranja.php(176): opendir('vendor/vendor/assets/img/gallery/casa_naranja/')
 3 SYSTEMPATH\View\View.php(224): include('C:\\xampp\\htdocs\\casas\\app\\Views\\casa_naranja.php')
 4 SYSTEMPATH\View\View.php(227): CodeIgniter\View\View->CodeIgniter\View\{closure}()
 5 SYSTEMPATH\Common.php(1176): CodeIgniter\View\View->render('casa_naranja', [], true)
 6 APPPATH\Controllers\Home.php(23): view('casa_naranja')
 7 SYSTEMPATH\CodeIgniter.php(932): App\Controllers\Home->casanaranja()
 8 SYSTEMPATH\CodeIgniter.php(497): CodeIgniter\CodeIgniter->runController(Object(App\Controllers\Home))
 9 SYSTEMPATH\CodeIgniter.php(366): CodeIgniter\CodeIgniter->handleRequest(null, Object(Config\Cache), false)
10 FCPATH\index.php(67): CodeIgniter\CodeIgniter->run()
CRITICAL - 2023-08-22 02:13:22 --> opendir(C:
mpp\htdocs\casasendor\assets\img\gallery\casa_naranja): El nombre de archivo, el nombre de directorio o la sintaxis de la etiqueta del volumen no son correct (code: 123)
in APPPATH\Views\casa_naranja.php on line 176.
 1 [internal function]: CodeIgniter\Debug\Exceptions->errorHandler(2, 'opendir(C:
mpp\\htdocs\\casasendor\\assets\\img\\gallery\\casa_naranja): El nombre de archivo, el nombre de directorio o la sintaxis de la etiqueta del volumen no son correct (code: 123)', 'C:\\xampp\\htdocs\\casas\\app\\Views\\casa_naranja.php', 176)
 2 APPPATH\Views\casa_naranja.php(176): opendir('C:
mpp\\htdocs\\casasendor\\assets\\img\\gallery\\casa_naranja')
 3 SYSTEMPATH\View\View.php(224): include('C:\\xampp\\htdocs\\casas\\app\\Views\\casa_naranja.php')
 4 SYSTEMPATH\View\View.php(227): CodeIgniter\View\View->CodeIgniter\View\{closure}()
 5 SYSTEMPATH\Common.php(1176): CodeIgniter\View\View->render('casa_naranja', [], true)
 6 APPPATH\Controllers\Home.php(23): view('casa_naranja')
 7 SYSTEMPATH\CodeIgniter.php(932): App\Controllers\Home->casanaranja()
 8 SYSTEMPATH\CodeIgniter.php(497): CodeIgniter\CodeIgniter->runController(Object(App\Controllers\Home))
 9 SYSTEMPATH\CodeIgniter.php(366): CodeIgniter\CodeIgniter->handleRequest(null, Object(Config\Cache), false)
10 FCPATH\index.php(67): CodeIgniter\CodeIgniter->run()
CRITICAL - 2023-08-22 04:21:42 --> dir(assets/img/gallery/casa_naranja): El sistema no puede encontrar la ruta especifica (code: 3)
in APPPATH\Views\casa_naranja.php on line 124.
 1 [internal function]: CodeIgniter\Debug\Exceptions->errorHandler(2, 'dir(assets/img/gallery/casa_naranja): El sistema no puede encontrar la ruta especifica (code: 3)', 'C:\\xampp\\htdocs\\casas\\app\\Views\\casa_naranja.php', 124)
 2 APPPATH\Views\casa_naranja.php(124): dir('assets/img/gallery/casa_naranja')
 3 SYSTEMPATH\View\View.php(224): include('C:\\xampp\\htdocs\\casas\\app\\Views\\casa_naranja.php')
 4 SYSTEMPATH\View\View.php(227): CodeIgniter\View\View->CodeIgniter\View\{closure}()
 5 SYSTEMPATH\Common.php(1176): CodeIgniter\View\View->render('casa_naranja', [], true)
 6 APPPATH\Controllers\Home.php(23): view('casa_naranja')
 7 SYSTEMPATH\CodeIgniter.php(932): App\Controllers\Home->casanaranja()
 8 SYSTEMPATH\CodeIgniter.php(497): CodeIgniter\CodeIgniter->runController(Object(App\Controllers\Home))
 9 SYSTEMPATH\CodeIgniter.php(366): CodeIgniter\CodeIgniter->handleRequest(null, Object(Config\Cache), false)
10 FCPATH\index.php(67): CodeIgniter\CodeIgniter->run()
CRITICAL - 2023-08-22 04:24:40 --> dir(assets/img/gallery/casa_naranja/all_photo/): El sistema no puede encontrar la ruta especifica (code: 3)
in APPPATH\Views\casa_naranja.php on line 119.
 1 [internal function]: CodeIgniter\Debug\Exceptions->errorHandler(2, 'dir(assets/img/gallery/casa_naranja/all_photo/): El sistema no puede encontrar la ruta especifica (code: 3)', 'C:\\xampp\\htdocs\\casas\\app\\Views\\casa_naranja.php', 119)
 2 APPPATH\Views\casa_naranja.php(119): dir('assets/img/gallery/casa_naranja/all_photo/')
 3 SYSTEMPATH\View\View.php(224): include('C:\\xampp\\htdocs\\casas\\app\\Views\\casa_naranja.php')
 4 SYSTEMPATH\View\View.php(227): CodeIgniter\View\View->CodeIgniter\View\{closure}()
 5 SYSTEMPATH\Common.php(1176): CodeIgniter\View\View->render('casa_naranja', [], true)
 6 APPPATH\Controllers\Home.php(23): view('casa_naranja')
 7 SYSTEMPATH\CodeIgniter.php(932): App\Controllers\Home->casanaranja()
 8 SYSTEMPATH\CodeIgniter.php(497): CodeIgniter\CodeIgniter->runController(Object(App\Controllers\Home))
 9 SYSTEMPATH\CodeIgniter.php(366): CodeIgniter\CodeIgniter->handleRequest(null, Object(Config\Cache), false)
10 FCPATH\index.php(67): CodeIgniter\CodeIgniter->run()
CRITICAL - 2023-08-22 04:25:55 --> dir(http://localhost/casas/vendor/assets/img/gallery/casa_naranja/): Failed to open directory: not implemented
in APPPATH\Views\casa_naranja.php on line 119.
 1 [internal function]: CodeIgniter\Debug\Exceptions->errorHandler(2, 'dir(http://localhost/casas/vendor/assets/img/gallery/casa_naranja/): Failed to open directory: not implemented', 'C:\\xampp\\htdocs\\casas\\app\\Views\\casa_naranja.php', 119)
 2 APPPATH\Views\casa_naranja.php(119): dir('http://localhost/casas/vendor/assets/img/gallery/casa_naranja/')
 3 SYSTEMPATH\View\View.php(224): include('C:\\xampp\\htdocs\\casas\\app\\Views\\casa_naranja.php')
 4 SYSTEMPATH\View\View.php(227): CodeIgniter\View\View->CodeIgniter\View\{closure}()
 5 SYSTEMPATH\Common.php(1176): CodeIgniter\View\View->render('casa_naranja', [], true)
 6 APPPATH\Controllers\Home.php(23): view('casa_naranja')
 7 SYSTEMPATH\CodeIgniter.php(932): App\Controllers\Home->casanaranja()
 8 SYSTEMPATH\CodeIgniter.php(497): CodeIgniter\CodeIgniter->runController(Object(App\Controllers\Home))
 9 SYSTEMPATH\CodeIgniter.php(366): CodeIgniter\CodeIgniter->handleRequest(null, Object(Config\Cache), false)
10 FCPATH\index.php(67): CodeIgniter\CodeIgniter->run()
