CRITICAL - 2023-08-25 16:41:23 --> Class "Locale" not found
in SYSTEMPATH\CodeIgniter.php on line 195.
 1 FCPATH\index.php(55): CodeIgniter\CodeIgniter->initialize()
ERROR - 2023-08-25 14:48:07 --> mysqli_sql_exception: Table 'prueba.casas' doesn't exist in C:\xampp\htdocs\casas\system\Database\MySQLi\Connection.php:295
Stack trace:
#0 C:\xampp\htdocs\casas\system\Database\MySQLi\Connection.php(295): mysqli->query('SELECT *\nFROM `...', 0)
#1 C:\xampp\htdocs\casas\system\Database\BaseConnection.php(692): CodeIgniter\Database\MySQLi\Connection->execute('SELECT *\nFROM `...')
#2 C:\xampp\htdocs\casas\system\Database\BaseConnection.php(606): CodeIgniter\Database\BaseConnection->simpleQuery('SELECT *\nFROM `...')
#3 C:\xampp\htdocs\casas\system\Database\BaseBuilder.php(1616): CodeIgniter\Database\BaseConnection->query('SELECT *\nFROM `...', Array, false)
#4 C:\xampp\htdocs\casas\system\Model.php(203): CodeIgniter\Database\BaseBuilder->get()
#5 C:\xampp\htdocs\casas\system\BaseModel.php(557): CodeIgniter\Model->doFind(false, NULL)
#6 C:\xampp\htdocs\casas\app\Controllers\Home.php(30): CodeIgniter\BaseModel->find()
#7 C:\xampp\htdocs\casas\system\CodeIgniter.php(932): App\Controllers\Home->casanaranja()
#8 C:\xampp\htdocs\casas\system\CodeIgniter.php(497): CodeIgniter\CodeIgniter->runController(Object(App\Controllers\Home))
#9 C:\xampp\htdocs\casas\system\CodeIgniter.php(366): CodeIgniter\CodeIgniter->handleRequest(NULL, Object(Config\Cache), false)
#10 C:\xampp\htdocs\casas\index.php(67): CodeIgniter\CodeIgniter->run()
#11 {main}
CRITICAL - 2023-08-25 14:48:07 --> Table 'prueba.casas' doesn't exist
in SYSTEMPATH\Database\MySQLi\Connection.php on line 295.
 1 SYSTEMPATH\Database\MySQLi\Connection.php(295): mysqli->query('SELECT *
FROM `casas`', 0)
 2 SYSTEMPATH\Database\BaseConnection.php(692): CodeIgniter\Database\MySQLi\Connection->execute('SELECT *
FROM `casas`')
 3 SYSTEMPATH\Database\BaseConnection.php(606): CodeIgniter\Database\BaseConnection->simpleQuery('SELECT *
FROM `casas`')
 4 SYSTEMPATH\Database\BaseBuilder.php(1616): CodeIgniter\Database\BaseConnection->query('SELECT *
FROM `casas`', [], false)
 5 SYSTEMPATH\Model.php(203): CodeIgniter\Database\BaseBuilder->get()
 6 SYSTEMPATH\BaseModel.php(557): CodeIgniter\Model->doFind(false, null)
 7 APPPATH\Controllers\Home.php(30): CodeIgniter\BaseModel->find()
 8 SYSTEMPATH\CodeIgniter.php(932): App\Controllers\Home->casanaranja()
 9 SYSTEMPATH\CodeIgniter.php(497): CodeIgniter\CodeIgniter->runController(Object(App\Controllers\Home))
10 SYSTEMPATH\CodeIgniter.php(366): CodeIgniter\CodeIgniter->handleRequest(null, Object(Config\Cache), false)
11 FCPATH\index.php(67): CodeIgniter\CodeIgniter->run()
